[37m[2023-12-07  13:31:38.856] conftest.py -> testcase_data line:16 [DEBUG] : test_user_login[0m
[32m[2023-12-07  13:31:38.859] test_user_login.py -> test_user_login line:56 [INFO] : ==========å¼€å§‹æ‰§è¡Œç”¨ä¾‹=========[0m
[32m[2023-12-07  13:31:38.859] test_user_login.py -> test_user_login line:71 [INFO] : ==========ç”¨ä¾‹æ‰§è¡Œç»“æŸ=========[0m
[37m[2023-12-07  13:31:38.863] conftest.py -> testcase_data line:16 [DEBUG] : test_user_login[0m
[32m[2023-12-07  13:31:38.864] test_user_login.py -> test_user_login line:56 [INFO] : ==========å¼€å§‹æ‰§è¡Œç”¨ä¾‹=========[0m
[32m[2023-12-07  13:31:38.864] test_user_login.py -> test_user_login line:71 [INFO] : ==========ç”¨ä¾‹æ‰§è¡Œç»“æŸ=========[0m
[37m[2023-12-07  13:31:38.867] conftest.py -> testcase_data line:16 [DEBUG] : test_user_login[0m
[32m[2023-12-07  13:31:38.868] test_user_login.py -> test_user_login line:56 [INFO] : ==========å¼€å§‹æ‰§è¡Œç”¨ä¾‹=========[0m
[32m[2023-12-07  13:31:38.868] test_user_login.py -> test_user_login line:71 [INFO] : ==========ç”¨ä¾‹æ‰§è¡Œç»“æŸ=========[0m
[37m[2023-12-07  13:31:38.871] conftest.py -> testcase_data line:16 [DEBUG] : test_user_login[0m
[32m[2023-12-07  13:31:38.872] test_user_login.py -> test_user_login line:56 [INFO] : ==========å¼€å§‹æ‰§è¡Œç”¨ä¾‹=========[0m
[32m[2023-12-07  13:31:38.872] test_user_login.py -> test_user_login line:71 [INFO] : ==========ç”¨ä¾‹æ‰§è¡Œç»“æŸ=========[0m
[37m[2023-12-07  13:31:38.875] conftest.py -> testcase_data line:16 [DEBUG] : test_user_login[0m
[32m[2023-12-07  13:31:38.876] test_user_login.py -> test_user_login line:56 [INFO] : ==========å¼€å§‹æ‰§è¡Œç”¨ä¾‹=========[0m
[32m[2023-12-07  13:31:38.877] test_user_login.py -> test_user_login line:71 [INFO] : ==========ç”¨ä¾‹æ‰§è¡Œç»“æŸ=========[0m
[37m[2023-12-07  13:31:38.879] conftest.py -> testcase_data line:16 [DEBUG] : test_user_login[0m
[32m[2023-12-07  13:31:38.881] test_user_login.py -> test_user_login line:56 [INFO] : ==========å¼€å§‹æ‰§è¡Œç”¨ä¾‹=========[0m
[32m[2023-12-07  13:31:38.881] test_user_login.py -> test_user_login line:71 [INFO] : ==========ç”¨ä¾‹æ‰§è¡Œç»“æŸ=========[0m
[37m[2023-12-07  13:31:38.884] conftest.py -> testcase_data line:16 [DEBUG] : test_user_login[0m
[32m[2023-12-07  13:31:38.886] test_user_login.py -> test_user_login line:56 [INFO] : ==========å¼€å§‹æ‰§è¡Œç”¨ä¾‹=========[0m
[32m[2023-12-07  13:31:38.886] test_user_login.py -> test_user_login line:71 [INFO] : ==========ç”¨ä¾‹æ‰§è¡Œç»“æŸ=========[0m
[37m[2023-12-07  13:31:38.889] conftest.py -> testcase_data line:16 [DEBUG] : test_user_login[0m
[32m[2023-12-07  13:31:38.890] test_user_login.py -> test_user_login line:56 [INFO] : ==========å¼€å§‹æ‰§è¡Œç”¨ä¾‹=========[0m
[32m[2023-12-07  13:31:38.891] test_user_login.py -> test_user_login line:71 [INFO] : ==========ç”¨ä¾‹æ‰§è¡Œç»“æŸ=========[0m
[37m[2023-12-07  13:31:38.893] conftest.py -> testcase_data line:16 [DEBUG] : test_user_login[0m
[32m[2023-12-07  13:31:38.895] test_user_login.py -> test_user_login line:56 [INFO] : ==========å¼€å§‹æ‰§è¡Œç”¨ä¾‹=========[0m
[32m[2023-12-07  13:31:38.895] test_user_login.py -> test_user_login line:71 [INFO] : ==========ç”¨ä¾‹æ‰§è¡Œç»“æŸ=========[0m
[37m[2023-12-07  13:31:38.898] conftest.py -> testcase_data line:16 [DEBUG] : test_user_login[0m
[32m[2023-12-07  13:31:38.900] test_user_login.py -> test_user_login line:56 [INFO] : ==========å¼€å§‹æ‰§è¡Œç”¨ä¾‹=========[0m
[32m[2023-12-07  13:31:38.900] test_user_login.py -> test_user_login line:71 [INFO] : ==========ç”¨ä¾‹æ‰§è¡Œç»“æŸ=========[0m
[37m[2023-12-07  13:31:38.902] conftest.py -> testcase_data line:16 [DEBUG] : test_user_login[0m
[32m[2023-12-07  13:31:38.904] test_user_login.py -> test_user_login line:56 [INFO] : ==========å¼€å§‹æ‰§è¡Œç”¨ä¾‹=========[0m
[32m[2023-12-07  13:31:38.904] test_user_login.py -> test_user_login line:71 [INFO] : ==========ç”¨ä¾‹æ‰§è¡Œç»“æŸ=========[0m
[37m[2023-12-07  13:31:38.907] conftest.py -> testcase_data line:16 [DEBUG] : test_user_login[0m
[32m[2023-12-07  13:31:38.909] test_user_login.py -> test_user_login line:56 [INFO] : ==========å¼€å§‹æ‰§è¡Œç”¨ä¾‹=========[0m
[32m[2023-12-07  13:31:38.909] test_user_login.py -> test_user_login line:71 [INFO] : ==========ç”¨ä¾‹æ‰§è¡Œç»“æŸ=========[0m
[37m[2023-12-07  13:31:38.912] conftest.py -> testcase_data line:16 [DEBUG] : test_user_login[0m
[32m[2023-12-07  13:31:38.913] test_user_login.py -> test_user_login line:56 [INFO] : ==========å¼€å§‹æ‰§è¡Œç”¨ä¾‹=========[0m
[32m[2023-12-07  13:31:38.913] test_user_login.py -> test_user_login line:71 [INFO] : ==========ç”¨ä¾‹æ‰§è¡Œç»“æŸ=========[0m
[37m[2023-12-07  13:31:38.916] conftest.py -> testcase_data line:16 [DEBUG] : test_user_login[0m
[32m[2023-12-07  13:31:38.917] test_user_login.py -> test_user_login line:56 [INFO] : ==========å¼€å§‹æ‰§è¡Œç”¨ä¾‹=========[0m
[32m[2023-12-07  13:31:38.917] test_user_login.py -> test_user_login line:71 [INFO] : ==========ç”¨ä¾‹æ‰§è¡Œç»“æŸ=========[0m
[37m[2023-12-07  13:31:38.920] conftest.py -> testcase_data line:16 [DEBUG] : test_user_login[0m
[32m[2023-12-07  13:31:38.921] test_user_login.py -> test_user_login line:56 [INFO] : ==========å¼€å§‹æ‰§è¡Œç”¨ä¾‹=========[0m
[32m[2023-12-07  13:31:38.922] test_user_login.py -> test_user_login line:71 [INFO] : ==========ç”¨ä¾‹æ‰§è¡Œç»“æŸ=========[0m
[37m[2023-12-07  13:37:05.127] test_user_login.py -> testcase_data line:38 [DEBUG] : test_user_login[0m
[32m[2023-12-07  13:37:05.129] test_user_login.py -> test_user_login line:63 [INFO] : ==========å¼€å§‹æ‰§è¡Œç”¨ä¾‹=========[0m
[32m[2023-12-07  13:37:05.129] test_user_login.py -> test_user_login line:78 [INFO] : ==========ç”¨ä¾‹æ‰§è¡Œç»“æŸ=========[0m
[37m[2023-12-07  13:37:30.556] test_user_login.py -> testcase_data line:38 [DEBUG] : test_user_login[0m
[32m[2023-12-07  13:37:30.558] test_user_login.py -> test_user_login line:63 [INFO] : ==========å¼€å§‹æ‰§è¡Œç”¨ä¾‹=========[0m
[32m[2023-12-07  13:37:30.558] test_user_login.py -> test_user_login line:79 [INFO] : ==========ç”¨ä¾‹æ‰§è¡Œç»“æŸ=========[0m
[37m[2023-12-07  13:40:15.243] test_user_login.py -> testcase_data line:38 [DEBUG] : test_user_login[0m
[32m[2023-12-07  13:40:15.245] test_user_login.py -> test_user_login line:63 [INFO] : ==========å¼€å§‹æ‰§è¡Œç”¨ä¾‹=========[0m
[32m[2023-12-07  13:40:15.246] test_user_login.py -> test_user_login line:79 [INFO] : ==========ç”¨ä¾‹æ‰§è¡Œç»“æŸ=========[0m
[32m[2023-12-07  13:47:08.343] test_user_login.py -> test_user_login line:63 [INFO] : ==========å¼€å§‹æ‰§è¡Œç”¨ä¾‹=========[0m
[32m[2023-12-07  13:47:08.344] test_user_login.py -> step_1 line:17 [INFO] : ç”¨æˆ·ç™»å½•ï¼štest001[0m
[32m[2023-12-07  13:47:08.344] rest_client.py -> request_log line:51 [INFO] : æ¥å£è¯·æ±‚åœ°å€ ==>> https://trade-testing.casamiel.cn/Pad/v3/Account/CheckLoginByPwd[0m
[32m[2023-12-07  13:47:08.344] rest_client.py -> request_log line:52 [INFO] : æ¥å£è¯·æ±‚æ–¹å¼ ==>> POST[0m
[32m[2023-12-07  13:47:08.345] rest_client.py -> request_log line:54 [INFO] : æ¥å£è¯·æ±‚å¤´ ==>> {
    "Content-Type": "application/json"
}[0m
[32m[2023-12-07  13:47:08.346] rest_client.py -> request_log line:55 [INFO] : æ¥å£è¯·æ±‚ params å‚æ•° ==>> null[0m
[32m[2023-12-07  13:47:08.346] rest_client.py -> request_log line:56 [INFO] : æ¥å£è¯·æ±‚ä½“ data å‚æ•° ==>> "{\"userName\": \"test001\", \"password\": \"Augmn@123456\"}"[0m
[32m[2023-12-07  13:47:08.535] test_user_login.py -> step_2 line:22 [INFO] : è¿”å›code ==> æœŸæœ›ç»“æœï¼š0, å®é™…ç»“æœï¼š [0][0m
[32m[2023-12-07  13:47:08.536] test_user_login.py -> test_user_login line:77 [INFO] : ==========ç”¨ä¾‹æ‰§è¡Œç»“æŸ=========[0m
[32m[2023-12-07  13:47:08.549] test_user_login.py -> test_user_login line:63 [INFO] : ==========å¼€å§‹æ‰§è¡Œç”¨ä¾‹=========[0m
[32m[2023-12-07  13:47:08.550] test_user_login.py -> step_1 line:17 [INFO] : ç”¨æˆ·ç™»å½•ï¼š[0m
[32m[2023-12-07  13:47:08.550] rest_client.py -> request_log line:51 [INFO] : æ¥å£è¯·æ±‚åœ°å€ ==>> https://trade-testing.casamiel.cn/Pad/v3/Account/CheckLoginByPwd[0m
[32m[2023-12-07  13:47:08.551] rest_client.py -> request_log line:52 [INFO] : æ¥å£è¯·æ±‚æ–¹å¼ ==>> POST[0m
[32m[2023-12-07  13:47:08.551] rest_client.py -> request_log line:54 [INFO] : æ¥å£è¯·æ±‚å¤´ ==>> {
    "Content-Type": "application/json"
}[0m
[32m[2023-12-07  13:47:08.551] rest_client.py -> request_log line:55 [INFO] : æ¥å£è¯·æ±‚ params å‚æ•° ==>> null[0m
[32m[2023-12-07  13:47:08.552] rest_client.py -> request_log line:56 [INFO] : æ¥å£è¯·æ±‚ä½“ data å‚æ•° ==>> "{\"userName\": \"\", \"password\": \"\"}"[0m
[32m[2023-12-07  13:47:08.695] test_user_login.py -> step_2 line:22 [INFO] : è¿”å›code ==> æœŸæœ›ç»“æœï¼š1010001, å®é™…ç»“æœï¼š [1010001][0m
[32m[2023-12-07  13:47:08.695] test_user_login.py -> test_user_login line:77 [INFO] : ==========ç”¨ä¾‹æ‰§è¡Œç»“æŸ=========[0m
[32m[2023-12-07  13:47:29.769] test_user_login.py -> test_user_login line:63 [INFO] : ==========å¼€å§‹æ‰§è¡Œç”¨ä¾‹=========[0m
[32m[2023-12-07  13:47:29.769] test_user_login.py -> step_1 line:17 [INFO] : ç”¨æˆ·ç™»å½•ï¼štest001[0m
[32m[2023-12-07  13:47:29.770] rest_client.py -> request_log line:51 [INFO] : æ¥å£è¯·æ±‚åœ°å€ ==>> https://trade-testing.casamiel.cn/Pad/v3/Account/CheckLoginByPwd[0m
[32m[2023-12-07  13:47:29.770] rest_client.py -> request_log line:52 [INFO] : æ¥å£è¯·æ±‚æ–¹å¼ ==>> POST[0m
[32m[2023-12-07  13:47:29.770] rest_client.py -> request_log line:54 [INFO] : æ¥å£è¯·æ±‚å¤´ ==>> {
    "Content-Type": "application/json"
}[0m
[32m[2023-12-07  13:47:29.771] rest_client.py -> request_log line:55 [INFO] : æ¥å£è¯·æ±‚ params å‚æ•° ==>> null[0m
[32m[2023-12-07  13:47:29.771] rest_client.py -> request_log line:56 [INFO] : æ¥å£è¯·æ±‚ä½“ data å‚æ•° ==>> "{\"userName\": \"test001\", \"password\": \"Augmn@123456\"}"[0m
[32m[2023-12-07  13:47:29.913] test_user_login.py -> step_2 line:22 [INFO] : è¿”å›code ==> æœŸæœ›ç»“æœï¼š0, å®é™…ç»“æœï¼š [0][0m
[32m[2023-12-07  13:47:29.914] test_user_login.py -> test_user_login line:77 [INFO] : ==========ç”¨ä¾‹æ‰§è¡Œç»“æŸ=========[0m
[32m[2023-12-07  13:47:29.932] test_user_login.py -> test_user_login line:63 [INFO] : ==========å¼€å§‹æ‰§è¡Œç”¨ä¾‹=========[0m
[32m[2023-12-07  13:47:29.933] test_user_login.py -> step_1 line:17 [INFO] : ç”¨æˆ·ç™»å½•ï¼š[0m
[32m[2023-12-07  13:47:29.933] rest_client.py -> request_log line:51 [INFO] : æ¥å£è¯·æ±‚åœ°å€ ==>> https://trade-testing.casamiel.cn/Pad/v3/Account/CheckLoginByPwd[0m
[32m[2023-12-07  13:47:29.933] rest_client.py -> request_log line:52 [INFO] : æ¥å£è¯·æ±‚æ–¹å¼ ==>> POST[0m
[32m[2023-12-07  13:47:29.934] rest_client.py -> request_log line:54 [INFO] : æ¥å£è¯·æ±‚å¤´ ==>> {
    "Content-Type": "application/json"
}[0m
[32m[2023-12-07  13:47:29.934] rest_client.py -> request_log line:55 [INFO] : æ¥å£è¯·æ±‚ params å‚æ•° ==>> null[0m
[32m[2023-12-07  13:47:29.934] rest_client.py -> request_log line:56 [INFO] : æ¥å£è¯·æ±‚ä½“ data å‚æ•° ==>> "{\"userName\": \"\", \"password\": \"\"}"[0m
[32m[2023-12-07  13:47:30.092] test_user_login.py -> step_2 line:22 [INFO] : è¿”å›code ==> æœŸæœ›ç»“æœï¼š1010001, å®é™…ç»“æœï¼š [1010001][0m
[32m[2023-12-07  13:47:30.093] test_user_login.py -> test_user_login line:77 [INFO] : ==========ç”¨ä¾‹æ‰§è¡Œç»“æŸ=========[0m
[32m[2023-12-07  13:53:38.064] test_user_login.py -> test_user_login line:64 [INFO] : ==========å¼€å§‹æ‰§è¡Œç”¨ä¾‹=========[0m
[32m[2023-12-07  13:53:38.064] test_user_login.py -> step_1 line:17 [INFO] : ç”¨æˆ·ç™»å½•ï¼štest001[0m
[32m[2023-12-07  13:53:38.065] rest_client.py -> request_log line:51 [INFO] : æ¥å£è¯·æ±‚åœ°å€ ==>> https://trade-testing.casamiel.cn/Pad/v3/Account/CheckLoginByPwd[0m
[32m[2023-12-07  13:53:38.065] rest_client.py -> request_log line:52 [INFO] : æ¥å£è¯·æ±‚æ–¹å¼ ==>> POST[0m
[32m[2023-12-07  13:53:38.066] rest_client.py -> request_log line:54 [INFO] : æ¥å£è¯·æ±‚å¤´ ==>> {
    "Content-Type": "application/json"
}[0m
[32m[2023-12-07  13:53:38.066] rest_client.py -> request_log line:55 [INFO] : æ¥å£è¯·æ±‚ params å‚æ•° ==>> null[0m
[32m[2023-12-07  13:53:38.066] rest_client.py -> request_log line:56 [INFO] : æ¥å£è¯·æ±‚ä½“ data å‚æ•° ==>> "{\"userName\": \"test001\", \"password\": \"Augmn@123456\"}"[0m
[32m[2023-12-07  13:53:38.234] test_user_login.py -> step_2 line:22 [INFO] : è¿”å›code ==> æœŸæœ›ç»“æœï¼š0, å®é™…ç»“æœï¼š [0][0m
[32m[2023-12-07  13:53:38.234] test_user_login.py -> test_user_login line:78 [INFO] : ==========ç”¨ä¾‹æ‰§è¡Œç»“æŸ=========[0m
[32m[2023-12-07  13:53:38.258] test_user_login.py -> test_user_login line:64 [INFO] : ==========å¼€å§‹æ‰§è¡Œç”¨ä¾‹=========[0m
[32m[2023-12-07  13:53:38.258] test_user_login.py -> step_1 line:17 [INFO] : ç”¨æˆ·ç™»å½•ï¼š[0m
[32m[2023-12-07  13:53:38.259] rest_client.py -> request_log line:51 [INFO] : æ¥å£è¯·æ±‚åœ°å€ ==>> https://trade-testing.casamiel.cn/Pad/v3/Account/CheckLoginByPwd[0m
[32m[2023-12-07  13:53:38.259] rest_client.py -> request_log line:52 [INFO] : æ¥å£è¯·æ±‚æ–¹å¼ ==>> POST[0m
[32m[2023-12-07  13:53:38.259] rest_client.py -> request_log line:54 [INFO] : æ¥å£è¯·æ±‚å¤´ ==>> {
    "Content-Type": "application/json"
}[0m
[32m[2023-12-07  13:53:38.259] rest_client.py -> request_log line:55 [INFO] : æ¥å£è¯·æ±‚ params å‚æ•° ==>> null[0m
[32m[2023-12-07  13:53:38.260] rest_client.py -> request_log line:56 [INFO] : æ¥å£è¯·æ±‚ä½“ data å‚æ•° ==>> "{\"userName\": \"\", \"password\": \"\"}"[0m
[32m[2023-12-07  13:53:38.393] test_user_login.py -> step_2 line:22 [INFO] : è¿”å›code ==> æœŸæœ›ç»“æœï¼š1010001, å®é™…ç»“æœï¼š [1010001][0m
[32m[2023-12-07  13:53:38.393] test_user_login.py -> test_user_login line:78 [INFO] : ==========ç”¨ä¾‹æ‰§è¡Œç»“æŸ=========[0m
[32m[2023-12-07  14:18:28.844] test_user_login.py -> test_user_login line:64 [INFO] : ==========å¼€å§‹æ‰§è¡Œç”¨ä¾‹=========[0m
[32m[2023-12-07  14:18:28.844] test_user_login.py -> step_1 line:17 [INFO] : ç”¨æˆ·ç™»å½•ï¼štest001[0m
[32m[2023-12-07  14:18:28.845] rest_client.py -> request_log line:51 [INFO] : æ¥å£è¯·æ±‚åœ°å€ ==>> https://trade-testing.casamiel.cn/Pad/v3/Account/CheckLoginByPwd[0m
[32m[2023-12-07  14:18:28.845] rest_client.py -> request_log line:52 [INFO] : æ¥å£è¯·æ±‚æ–¹å¼ ==>> POST[0m
[32m[2023-12-07  14:18:28.846] rest_client.py -> request_log line:54 [INFO] : æ¥å£è¯·æ±‚å¤´ ==>> {
    "Content-Type": "application/json"
}[0m
[32m[2023-12-07  14:18:28.846] rest_client.py -> request_log line:55 [INFO] : æ¥å£è¯·æ±‚ params å‚æ•° ==>> null[0m
[32m[2023-12-07  14:18:28.846] rest_client.py -> request_log line:56 [INFO] : æ¥å£è¯·æ±‚ä½“ data å‚æ•° ==>> "{\"userName\": \"test001\", \"password\": \"Augmn@123456\"}"[0m
[32m[2023-12-07  14:18:29.060] test_user_login.py -> step_2 line:22 [INFO] : è¿”å›code ==> æœŸæœ›ç»“æœï¼š0, å®é™…ç»“æœï¼š [0][0m
[32m[2023-12-07  14:18:29.060] test_user_login.py -> test_user_login line:78 [INFO] : ==========ç”¨ä¾‹æ‰§è¡Œç»“æŸ=========[0m
[32m[2023-12-07  14:18:29.078] test_user_login.py -> test_user_login line:64 [INFO] : ==========å¼€å§‹æ‰§è¡Œç”¨ä¾‹=========[0m
[32m[2023-12-07  14:18:29.078] test_user_login.py -> step_1 line:17 [INFO] : ç”¨æˆ·ç™»å½•ï¼š[0m
[32m[2023-12-07  14:18:29.079] rest_client.py -> request_log line:51 [INFO] : æ¥å£è¯·æ±‚åœ°å€ ==>> https://trade-testing.casamiel.cn/Pad/v3/Account/CheckLoginByPwd[0m
[32m[2023-12-07  14:18:29.079] rest_client.py -> request_log line:52 [INFO] : æ¥å£è¯·æ±‚æ–¹å¼ ==>> POST[0m
[32m[2023-12-07  14:18:29.079] rest_client.py -> request_log line:54 [INFO] : æ¥å£è¯·æ±‚å¤´ ==>> {
    "Content-Type": "application/json"
}[0m
[32m[2023-12-07  14:18:29.079] rest_client.py -> request_log line:55 [INFO] : æ¥å£è¯·æ±‚ params å‚æ•° ==>> null[0m
[32m[2023-12-07  14:18:29.080] rest_client.py -> request_log line:56 [INFO] : æ¥å£è¯·æ±‚ä½“ data å‚æ•° ==>> "{\"userName\": \"\", \"password\": \"\"}"[0m
[32m[2023-12-07  14:18:29.201] test_user_login.py -> step_2 line:22 [INFO] : è¿”å›code ==> æœŸæœ›ç»“æœï¼š1010001, å®é™…ç»“æœï¼š [1010001][0m
[32m[2023-12-07  14:18:29.202] test_user_login.py -> test_user_login line:78 [INFO] : ==========ç”¨ä¾‹æ‰§è¡Œç»“æŸ=========[0m
[32m[2023-12-07  14:20:39.555] test_user_login.py -> test_user_login line:65 [INFO] : ==========å¼€å§‹æ‰§è¡Œç”¨ä¾‹=========[0m
[32m[2023-12-07  14:20:39.556] test_user_login.py -> step_1 line:17 [INFO] : ç”¨æˆ·ç™»å½•ï¼štest001[0m
[32m[2023-12-07  14:20:39.556] rest_client.py -> request_log line:51 [INFO] : æ¥å£è¯·æ±‚åœ°å€ ==>> https://trade-testing.casamiel.cn/Pad/v3/Account/CheckLoginByPwd[0m
[32m[2023-12-07  14:20:39.556] rest_client.py -> request_log line:52 [INFO] : æ¥å£è¯·æ±‚æ–¹å¼ ==>> POST[0m
[32m[2023-12-07  14:20:39.557] rest_client.py -> request_log line:54 [INFO] : æ¥å£è¯·æ±‚å¤´ ==>> {
    "Content-Type": "application/json"
}[0m
[32m[2023-12-07  14:20:39.557] rest_client.py -> request_log line:55 [INFO] : æ¥å£è¯·æ±‚ params å‚æ•° ==>> null[0m
[32m[2023-12-07  14:20:39.557] rest_client.py -> request_log line:56 [INFO] : æ¥å£è¯·æ±‚ä½“ data å‚æ•° ==>> "{\"userName\": \"test001\", \"password\": \"Augmn@123456\"}"[0m
[32m[2023-12-07  14:20:39.733] test_user_login.py -> step_2 line:22 [INFO] : è¿”å›code ==> æœŸæœ›ç»“æœï¼š0, å®é™…ç»“æœï¼š [0][0m
[32m[2023-12-07  14:20:39.734] test_user_login.py -> test_user_login line:79 [INFO] : ==========ç”¨ä¾‹æ‰§è¡Œç»“æŸ=========[0m
[32m[2023-12-07  14:20:39.756] test_user_login.py -> test_user_login line:65 [INFO] : ==========å¼€å§‹æ‰§è¡Œç”¨ä¾‹=========[0m
[32m[2023-12-07  14:20:39.757] test_user_login.py -> step_1 line:17 [INFO] : ç”¨æˆ·ç™»å½•ï¼š[0m
[32m[2023-12-07  14:20:39.757] rest_client.py -> request_log line:51 [INFO] : æ¥å£è¯·æ±‚åœ°å€ ==>> https://trade-testing.casamiel.cn/Pad/v3/Account/CheckLoginByPwd[0m
[32m[2023-12-07  14:20:39.757] rest_client.py -> request_log line:52 [INFO] : æ¥å£è¯·æ±‚æ–¹å¼ ==>> POST[0m
[32m[2023-12-07  14:20:39.758] rest_client.py -> request_log line:54 [INFO] : æ¥å£è¯·æ±‚å¤´ ==>> {
    "Content-Type": "application/json"
}[0m
[32m[2023-12-07  14:20:39.758] rest_client.py -> request_log line:55 [INFO] : æ¥å£è¯·æ±‚ params å‚æ•° ==>> null[0m
[32m[2023-12-07  14:20:39.758] rest_client.py -> request_log line:56 [INFO] : æ¥å£è¯·æ±‚ä½“ data å‚æ•° ==>> "{\"userName\": \"\", \"password\": \"\"}"[0m
[32m[2023-12-07  14:20:39.889] test_user_login.py -> step_2 line:22 [INFO] : è¿”å›code ==> æœŸæœ›ç»“æœï¼š1010001, å®é™…ç»“æœï¼š [1010001][0m
[32m[2023-12-07  14:20:39.889] test_user_login.py -> test_user_login line:79 [INFO] : ==========ç”¨ä¾‹æ‰§è¡Œç»“æŸ=========[0m
