[32m[2023-12-06  21:05:18.113] conftest.py -> <module> line:13 [INFO] : user/conftest[0m
[32m[2023-12-06  21:07:34.865] conftest.py -> <module> line:13 [INFO] : user/conftest[0m
[32m[2023-12-06  21:08:42.653] conftest.py -> <module> line:13 [INFO] : user/conftest[0m
[32m[2023-12-06  21:10:56.433] conftest.py -> <module> line:13 [INFO] : user/conftest[0m
[32m[2023-12-06  21:12:10.732] rest_client.py -> request_log line:51 [INFO] : æ¥å£è¯·æ±‚åœ°å€ ==>> https://trade-testing.casamiel.cn/Pad/v3/Account/CheckLoginByPwd[0m
[32m[2023-12-06  21:12:10.732] rest_client.py -> request_log line:52 [INFO] : æ¥å£è¯·æ±‚æ–¹å¼ ==>> POST[0m
[32m[2023-12-06  21:12:10.733] rest_client.py -> request_log line:54 [INFO] : æ¥å£è¯·æ±‚å¤´ ==>> null[0m
[32m[2023-12-06  21:12:10.733] rest_client.py -> request_log line:55 [INFO] : æ¥å£è¯·æ±‚ params å‚æ•° ==>> {
    "Content-Type": "application/json"
}[0m
[32m[2023-12-06  21:12:10.733] rest_client.py -> request_log line:56 [INFO] : æ¥å£è¯·æ±‚ä½“ data å‚æ•° ==>> {
    "username": "test001",
    "password": "Augmn@123456"
}[0m
[32m[2023-12-06  22:06:20.207] conftest.py -> <module> line:13 [INFO] : user/conftest[0m
[32m[2023-12-06  22:37:23.271] test_user_account.py -> test_login line:20 [INFO] : ====test user account====[0m
[32m[2023-12-06  22:38:09.266] test_user_account.py -> test_login line:20 [INFO] : ====test user account====[0m
[32m[2023-12-06  22:40:26.516] test_user_account.py -> test_login line:22 [INFO] : ====test user account====[0m
[37m[2023-12-06  22:40:26.517] test_user_account.py -> test_login line:24 [DEBUG] : login data [['test001', 'Augmn@123456', True, 0, '']][0m
[32m[2023-12-06  22:44:17.804] conftest.py -> <module> line:13 [INFO] : user/conftest[0m
[32m[2023-12-06  22:44:17.850] test_user_login.py -> test_user_login line:45 [INFO] : ==========å¼€å§‹æ‰§è¡Œç”¨ä¾‹=========[0m
[32m[2023-12-06  22:44:17.850] rest_client.py -> request_log line:51 [INFO] : æ¥å£è¯·æ±‚åœ°å€ ==>> https://trade-testing.casamiel.cn/Pad/v3/Account/CheckLoginByPwd[0m
[32m[2023-12-06  22:44:17.851] rest_client.py -> request_log line:52 [INFO] : æ¥å£è¯·æ±‚æ–¹å¼ ==>> POST[0m
[32m[2023-12-06  22:44:17.852] rest_client.py -> request_log line:54 [INFO] : æ¥å£è¯·æ±‚å¤´ ==>> null[0m
[32m[2023-12-06  22:44:17.852] rest_client.py -> request_log line:55 [INFO] : æ¥å£è¯·æ±‚ params å‚æ•° ==>> {
    "Content-Type": "application/json"
}[0m
[32m[2023-12-06  22:44:17.852] rest_client.py -> request_log line:56 [INFO] : æ¥å£è¯·æ±‚ä½“ data å‚æ•° ==>> {
    "username": "test001",
    "password": "Augmn@123456"
}[0m
[32m[2023-12-06  22:44:18.040] test_user_login.py -> test_user_login line:48 [INFO] : ç”¨æˆ·ç™»å½•ï¼štest001[0m
[32m[2023-12-06  22:45:55.816] conftest.py -> <module> line:13 [INFO] : user/conftest[0m
[32m[2023-12-06  22:45:55.851] test_user_login.py -> test_user_login line:45 [INFO] : ==========å¼€å§‹æ‰§è¡Œç”¨ä¾‹=========[0m
[32m[2023-12-06  22:45:55.852] rest_client.py -> request_log line:51 [INFO] : æ¥å£è¯·æ±‚åœ°å€ ==>> https://trade-testing.casamiel.cn/Pad/v3/Account/CheckLoginByPwd[0m
[32m[2023-12-06  22:45:55.852] rest_client.py -> request_log line:52 [INFO] : æ¥å£è¯·æ±‚æ–¹å¼ ==>> POST[0m
[32m[2023-12-06  22:45:55.853] rest_client.py -> request_log line:54 [INFO] : æ¥å£è¯·æ±‚å¤´ ==>> null[0m
[32m[2023-12-06  22:45:55.853] rest_client.py -> request_log line:55 [INFO] : æ¥å£è¯·æ±‚ params å‚æ•° ==>> {
    "Content-Type": "application/json"
}[0m
[32m[2023-12-06  22:45:55.853] rest_client.py -> request_log line:56 [INFO] : æ¥å£è¯·æ±‚ä½“ data å‚æ•° ==>> {
    "username": "test001",
    "password": "Augmn@123456"
}[0m
[32m[2023-12-06  22:45:56.105] test_user_login.py -> test_user_login line:48 [INFO] : ç”¨æˆ·ç™»å½•ï¼štest001[0m
[32m[2023-12-06  22:50:43.497] conftest.py -> <module> line:13 [INFO] : user/conftest[0m
[32m[2023-12-06  22:50:43.535] test_user_login.py -> test_user_login line:45 [INFO] : ==========å¼€å§‹æ‰§è¡Œç”¨ä¾‹=========[0m
[32m[2023-12-06  22:50:43.535] rest_client.py -> request_log line:51 [INFO] : æ¥å£è¯·æ±‚åœ°å€ ==>> https://trade-testing.casamiel.cn/Pad/v3/Account/CheckLoginByPwd[0m
[32m[2023-12-06  22:50:43.535] rest_client.py -> request_log line:52 [INFO] : æ¥å£è¯·æ±‚æ–¹å¼ ==>> POST[0m
[32m[2023-12-06  22:50:43.536] rest_client.py -> request_log line:54 [INFO] : æ¥å£è¯·æ±‚å¤´ ==>> null[0m
[32m[2023-12-06  22:50:43.537] rest_client.py -> request_log line:55 [INFO] : æ¥å£è¯·æ±‚ params å‚æ•° ==>> {
    "Content-Type": "application/json"
}[0m
[32m[2023-12-06  22:50:43.537] rest_client.py -> request_log line:56 [INFO] : æ¥å£è¯·æ±‚ä½“ data å‚æ•° ==>> {
    "userName": "test001",
    "password": "Augmn@123456"
}[0m
[32m[2023-12-06  22:50:43.728] test_user_login.py -> test_user_login line:48 [INFO] : ç”¨æˆ·ç™»å½•ï¼štest001[0m
[32m[2023-12-06  22:59:10.540] conftest.py -> <module> line:13 [INFO] : user/conftest[0m
[32m[2023-12-06  22:59:10.574] test_user_login.py -> test_user_login line:45 [INFO] : ==========å¼€å§‹æ‰§è¡Œç”¨ä¾‹=========[0m
[32m[2023-12-06  22:59:10.578] rest_client.py -> request_log line:51 [INFO] : æ¥å£è¯·æ±‚åœ°å€ ==>> https://trade-testing.casamiel.cn/Pad/v3/Account/CheckLoginByPwd[0m
[32m[2023-12-06  22:59:10.578] rest_client.py -> request_log line:52 [INFO] : æ¥å£è¯·æ±‚æ–¹å¼ ==>> POST[0m
[32m[2023-12-06  22:59:10.579] rest_client.py -> request_log line:54 [INFO] : æ¥å£è¯·æ±‚å¤´ ==>> {
    "Content-Type": "application/json"
}[0m
[32m[2023-12-06  22:59:10.579] rest_client.py -> request_log line:55 [INFO] : æ¥å£è¯·æ±‚ params å‚æ•° ==>> null[0m
[32m[2023-12-06  22:59:10.579] rest_client.py -> request_log line:56 [INFO] : æ¥å£è¯·æ±‚ä½“ data å‚æ•° ==>> {
    "userName": "test001",
    "password": "Augmn@123456"
}[0m
[32m[2023-12-06  22:59:10.815] test_user_login.py -> test_user_login line:48 [INFO] : ç”¨æˆ·ç™»å½•ï¼štest001[0m
[32m[2023-12-06  23:13:41.203] conftest.py -> <module> line:13 [INFO] : user/conftest[0m
[32m[2023-12-06  23:13:41.239] test_user_login.py -> test_user_login line:45 [INFO] : ==========å¼€å§‹æ‰§è¡Œç”¨ä¾‹=========[0m
[32m[2023-12-06  23:13:41.239] rest_client.py -> request_log line:51 [INFO] : æ¥å£è¯·æ±‚åœ°å€ ==>> https://trade-testing.casamiel.cn/Pad/v3/Account/CheckLoginByPwd[0m
[32m[2023-12-06  23:13:41.239] rest_client.py -> request_log line:52 [INFO] : æ¥å£è¯·æ±‚æ–¹å¼ ==>> POST[0m
[32m[2023-12-06  23:13:41.240] rest_client.py -> request_log line:54 [INFO] : æ¥å£è¯·æ±‚å¤´ ==>> {
    "Content-Type": "application/json"
}[0m
[32m[2023-12-06  23:13:41.240] rest_client.py -> request_log line:55 [INFO] : æ¥å£è¯·æ±‚ params å‚æ•° ==>> null[0m
[32m[2023-12-06  23:13:41.240] rest_client.py -> request_log line:56 [INFO] : æ¥å£è¯·æ±‚ä½“ data å‚æ•° ==>> "{\"userName\": \"test001\", \"password\": \"Augmn@123456\"}"[0m
[32m[2023-12-06  23:13:41.449] test_user_login.py -> test_user_login line:48 [INFO] : ç”¨æˆ·ç™»å½•ï¼štest001[0m
[32m[2023-12-06  23:13:41.450] test_user_login.py -> test_user_login line:50 [INFO] : è¿”å›code ==> æœŸæœ›ç»“æœï¼š0, å®é™…ç»“æœï¼š [0][0m
[32m[2023-12-06  23:13:41.450] test_user_login.py -> test_user_login line:53 [INFO] : ==========ç”¨ä¾‹æ‰§è¡Œç»“æŸ=========[0m
[32m[2023-12-06  23:19:03.203] conftest.py -> <module> line:13 [INFO] : user/conftest[0m
[32m[2023-12-06  23:19:03.249] test_user_login.py -> test_user_login line:45 [INFO] : ==========å¼€å§‹æ‰§è¡Œç”¨ä¾‹=========[0m
[32m[2023-12-06  23:19:03.250] test_user_login.py -> step_name line:16 [INFO] : ç”¨æˆ·ç™»å½•ï¼štest001[0m
[32m[2023-12-06  23:19:03.250] rest_client.py -> request_log line:51 [INFO] : æ¥å£è¯·æ±‚åœ°å€ ==>> https://trade-testing.casamiel.cn/Pad/v3/Account/CheckLoginByPwd[0m
[32m[2023-12-06  23:19:03.250] rest_client.py -> request_log line:52 [INFO] : æ¥å£è¯·æ±‚æ–¹å¼ ==>> POST[0m
[32m[2023-12-06  23:19:03.251] rest_client.py -> request_log line:54 [INFO] : æ¥å£è¯·æ±‚å¤´ ==>> {
    "Content-Type": "application/json"
}[0m
[32m[2023-12-06  23:19:03.251] rest_client.py -> request_log line:55 [INFO] : æ¥å£è¯·æ±‚ params å‚æ•° ==>> null[0m
[32m[2023-12-06  23:19:03.251] rest_client.py -> request_log line:56 [INFO] : æ¥å£è¯·æ±‚ä½“ data å‚æ•° ==>> "{\"userName\": \"test001\", \"password\": \"Augmn@123456\"}"[0m
[32m[2023-12-06  23:19:03.460] test_user_login.py -> test_user_login line:52 [INFO] : è¿”å›code ==> æœŸæœ›ç»“æœï¼š0, å®é™…ç»“æœï¼š [0][0m
[32m[2023-12-06  23:19:03.460] test_user_login.py -> test_user_login line:56 [INFO] : ==========ç”¨ä¾‹æ‰§è¡Œç»“æŸ=========[0m
[32m[2023-12-06  23:26:57.075] conftest.py -> <module> line:13 [INFO] : user/conftest[0m
[32m[2023-12-06  23:26:57.124] test_user_login.py -> test_user_login line:48 [INFO] : ==========å¼€å§‹æ‰§è¡Œç”¨ä¾‹=========[0m
[32m[2023-12-06  23:26:57.125] test_user_login.py -> step_1 line:16 [INFO] : ç”¨æˆ·ç™»å½•ï¼štest001[0m
[32m[2023-12-06  23:26:57.125] rest_client.py -> request_log line:51 [INFO] : æ¥å£è¯·æ±‚åœ°å€ ==>> https://trade-testing.casamiel.cn/Pad/v3/Account/CheckLoginByPwd[0m
[32m[2023-12-06  23:26:57.125] rest_client.py -> request_log line:52 [INFO] : æ¥å£è¯·æ±‚æ–¹å¼ ==>> POST[0m
[32m[2023-12-06  23:26:57.126] rest_client.py -> request_log line:54 [INFO] : æ¥å£è¯·æ±‚å¤´ ==>> {
    "Content-Type": "application/json"
}[0m
[32m[2023-12-06  23:26:57.126] rest_client.py -> request_log line:55 [INFO] : æ¥å£è¯·æ±‚ params å‚æ•° ==>> null[0m
[32m[2023-12-06  23:26:57.127] rest_client.py -> request_log line:56 [INFO] : æ¥å£è¯·æ±‚ä½“ data å‚æ•° ==>> "{\"userName\": \"test001\", \"password\": \"Augmn@123456\"}"[0m
[32m[2023-12-06  23:26:57.342] test_user_login.py -> step_2 line:19 [INFO] : è¿”å›code ==> æœŸæœ›ç»“æœï¼š0, å®é™…ç»“æœï¼š [0][0m
[32m[2023-12-06  23:26:57.343] test_user_login.py -> test_user_login line:61 [INFO] : ==========ç”¨ä¾‹æ‰§è¡Œç»“æŸ=========[0m
[32m[2023-12-06  23:27:10.832] conftest.py -> <module> line:13 [INFO] : user/conftest[0m
[32m[2023-12-06  23:27:10.864] test_user_login.py -> test_user_login line:48 [INFO] : ==========å¼€å§‹æ‰§è¡Œç”¨ä¾‹=========[0m
[32m[2023-12-06  23:27:10.865] test_user_login.py -> step_1 line:16 [INFO] : ç”¨æˆ·ç™»å½•ï¼štest001[0m
[32m[2023-12-06  23:27:10.865] rest_client.py -> request_log line:51 [INFO] : æ¥å£è¯·æ±‚åœ°å€ ==>> https://trade-testing.casamiel.cn/Pad/v3/Account/CheckLoginByPwd[0m
[32m[2023-12-06  23:27:10.865] rest_client.py -> request_log line:52 [INFO] : æ¥å£è¯·æ±‚æ–¹å¼ ==>> POST[0m
[32m[2023-12-06  23:27:10.866] rest_client.py -> request_log line:54 [INFO] : æ¥å£è¯·æ±‚å¤´ ==>> {
    "Content-Type": "application/json"
}[0m
[32m[2023-12-06  23:27:10.866] rest_client.py -> request_log line:55 [INFO] : æ¥å£è¯·æ±‚ params å‚æ•° ==>> null[0m
[32m[2023-12-06  23:27:10.866] rest_client.py -> request_log line:56 [INFO] : æ¥å£è¯·æ±‚ä½“ data å‚æ•° ==>> "{\"userName\": \"test001\", \"password\": \"Augmn@123456\"}"[0m
[32m[2023-12-06  23:27:11.046] test_user_login.py -> step_2 line:19 [INFO] : è¿”å›code ==> æœŸæœ›ç»“æœï¼š0, å®é™…ç»“æœï¼š [0][0m
[32m[2023-12-06  23:27:11.046] test_user_login.py -> test_user_login line:61 [INFO] : ==========ç”¨ä¾‹æ‰§è¡Œç»“æŸ=========[0m
[32m[2023-12-06  23:37:28.471] test_user_login.py -> test_user_login line:52 [INFO] : ==========å¼€å§‹æ‰§è¡Œç”¨ä¾‹=========[0m
[32m[2023-12-06  23:37:28.471] test_user_login.py -> step_1 line:17 [INFO] : ç”¨æˆ·ç™»å½•ï¼štest001[0m
[32m[2023-12-06  23:37:28.472] rest_client.py -> request_log line:51 [INFO] : æ¥å£è¯·æ±‚åœ°å€ ==>> https://trade-testing.casamiel.cn/Pad/v3/Account/CheckLoginByPwd[0m
[32m[2023-12-06  23:37:28.472] rest_client.py -> request_log line:52 [INFO] : æ¥å£è¯·æ±‚æ–¹å¼ ==>> POST[0m
[32m[2023-12-06  23:37:28.473] rest_client.py -> request_log line:54 [INFO] : æ¥å£è¯·æ±‚å¤´ ==>> {
    "Content-Type": "application/json"
}[0m
[32m[2023-12-06  23:37:28.473] rest_client.py -> request_log line:55 [INFO] : æ¥å£è¯·æ±‚ params å‚æ•° ==>> null[0m
[32m[2023-12-06  23:37:28.473] rest_client.py -> request_log line:56 [INFO] : æ¥å£è¯·æ±‚ä½“ data å‚æ•° ==>> "{\"userName\": \"test001\", \"password\": \"Augmn@123456\"}"[0m
[32m[2023-12-06  23:37:28.704] test_user_login.py -> step_2 line:22 [INFO] : è¿”å›code ==> æœŸæœ›ç»“æœï¼š0, å®é™…ç»“æœï¼š [0][0m
[32m[2023-12-06  23:37:28.705] test_user_login.py -> test_user_login line:65 [INFO] : ==========ç”¨ä¾‹æ‰§è¡Œç»“æŸ=========[0m
[37m[2023-12-06  23:47:08.075] conftest.py -> testcase_data line:16 [DEBUG] : test_user_login[0m
[32m[2023-12-06  23:47:08.077] test_user_login.py -> test_user_login line:54 [INFO] : ==========å¼€å§‹æ‰§è¡Œç”¨ä¾‹=========[0m
[32m[2023-12-06  23:49:12.711] test_user_login.py -> test_user_login line:54 [INFO] : ==========å¼€å§‹æ‰§è¡Œç”¨ä¾‹=========[0m
[32m[2023-12-06  23:49:12.711] test_user_login.py -> step_1 line:17 [INFO] : ç”¨æˆ·ç™»å½•ï¼štest001[0m
[32m[2023-12-06  23:49:12.711] rest_client.py -> request_log line:51 [INFO] : æ¥å£è¯·æ±‚åœ°å€ ==>> https://trade-testing.casamiel.cn/Pad/v3/Account/CheckLoginByPwd[0m
[32m[2023-12-06  23:49:12.712] rest_client.py -> request_log line:52 [INFO] : æ¥å£è¯·æ±‚æ–¹å¼ ==>> POST[0m
[32m[2023-12-06  23:49:12.712] rest_client.py -> request_log line:54 [INFO] : æ¥å£è¯·æ±‚å¤´ ==>> {
    "Content-Type": "application/json"
}[0m
[32m[2023-12-06  23:49:12.713] rest_client.py -> request_log line:55 [INFO] : æ¥å£è¯·æ±‚ params å‚æ•° ==>> null[0m
[32m[2023-12-06  23:49:12.713] rest_client.py -> request_log line:56 [INFO] : æ¥å£è¯·æ±‚ä½“ data å‚æ•° ==>> "{\"userName\": \"test001\", \"password\": \"Augmn@123456\"}"[0m
[32m[2023-12-06  23:49:12.889] test_user_login.py -> step_2 line:22 [INFO] : è¿”å›code ==> æœŸæœ›ç»“æœï¼š0, å®é™…ç»“æœï¼š [0][0m
[32m[2023-12-06  23:49:12.889] test_user_login.py -> test_user_login line:68 [INFO] : ==========ç”¨ä¾‹æ‰§è¡Œç»“æŸ=========[0m
